[2024-11-29T14:42:55.671+0000] {manager.py:483} INFO - Processing files using up to 2 processes at a time 
[2024-11-29T14:42:55.672+0000] {manager.py:484} INFO - Process each file at most once every 30 seconds
[2024-11-29T14:42:55.673+0000] {manager.py:485} INFO - Checking for new files in /opt/airflow/dags every 300 seconds
[2024-11-29T14:42:55.673+0000] {manager.py:821} INFO - Searching for files in /opt/airflow/dags
[2024-11-29T14:42:55.689+0000] {manager.py:824} INFO - There are 2 files in /opt/airflow/dags
[2024-11-29T14:42:55.774+0000] {manager.py:997} INFO - 
================================================================================
DAG File Processing Stats

File Path                                PID  Runtime      # DAGs    # Errors  Last Runtime    Last Run      Last # of DB Queries
-------------------------------------  -----  ---------  --------  ----------  --------------  ----------  ----------------------
/opt/airflow/dags/test-jenkins-dag.py     54  0.04s             0           0                                                   0
/opt/airflow/dags/test-mlflow-dag.py      55  0.02s             0           0                                                   0
================================================================================
[2024-11-29T14:43:26.307+0000] {manager.py:997} INFO - 
================================================================================
DAG File Processing Stats

File Path                                PID  Runtime      # DAGs    # Errors  Last Runtime    Last Run               Last # of DB Queries
-------------------------------------  -----  ---------  --------  ----------  --------------  -------------------  ----------------------
/opt/airflow/dags/test-mlflow-dag.py                            1           0  2.40s           2024-11-29T14:42:58                      43
/opt/airflow/dags/test-jenkins-dag.py     83  0.00s             1           0  0.34s           2024-11-29T14:42:56                      43
================================================================================
[2024-11-29T14:43:56.476+0000] {manager.py:997} INFO - 
================================================================================
DAG File Processing Stats

File Path                                PID  Runtime      # DAGs    # Errors  Last Runtime    Last Run               Last # of DB Queries
-------------------------------------  -----  ---------  --------  ----------  --------------  -------------------  ----------------------
/opt/airflow/dags/test-mlflow-dag.py                            1           0  0.92s           2024-11-29T14:43:29                      10
/opt/airflow/dags/test-jenkins-dag.py    111  0.00s             1           0  0.12s           2024-11-29T14:43:26                      10
================================================================================
[2024-11-29T14:44:26.841+0000] {manager.py:997} INFO - 
================================================================================
DAG File Processing Stats

File Path                                PID  Runtime      # DAGs    # Errors  Last Runtime    Last Run               Last # of DB Queries
-------------------------------------  -----  ---------  --------  ----------  --------------  -------------------  ----------------------
/opt/airflow/dags/test-mlflow-dag.py                            1           0  1.05s           2024-11-29T14:44:00                      10
/opt/airflow/dags/test-jenkins-dag.py    145  0.00s             1           0  0.19s           2024-11-29T14:43:56                      10
================================================================================
[2024-11-29T14:44:56.987+0000] {manager.py:997} INFO - 
================================================================================
DAG File Processing Stats

File Path                              PID    Runtime      # DAGs    # Errors  Last Runtime    Last Run               Last # of DB Queries
-------------------------------------  -----  ---------  --------  ----------  --------------  -------------------  ----------------------
/opt/airflow/dags/test-mlflow-dag.py                            1           0  0.91s           2024-11-29T14:44:31                      10
/opt/airflow/dags/test-jenkins-dag.py                           1           0  0.19s           2024-11-29T14:44:27                      10
================================================================================
[2024-11-29T14:45:27.436+0000] {manager.py:997} INFO - 
================================================================================
DAG File Processing Stats

File Path                                PID  Runtime      # DAGs    # Errors  Last Runtime    Last Run               Last # of DB Queries
-------------------------------------  -----  ---------  --------  ----------  --------------  -------------------  ----------------------
/opt/airflow/dags/test-mlflow-dag.py                            1           0  0.98s           2024-11-29T14:45:03                      10
/opt/airflow/dags/test-jenkins-dag.py    201  0.00s             1           0  0.10s           2024-11-29T14:44:57                      10
================================================================================
[2024-11-29T14:45:52.290+0000] {manager.py:465} INFO - Exiting gracefully upon receiving signal 15
[2024-11-29T15:16:55.707+0000] {manager.py:483} INFO - Processing files using up to 2 processes at a time 
[2024-11-29T15:16:55.708+0000] {manager.py:484} INFO - Process each file at most once every 30 seconds
[2024-11-29T15:16:55.708+0000] {manager.py:485} INFO - Checking for new files in /opt/airflow/dags every 300 seconds
[2024-11-29T15:16:55.709+0000] {manager.py:821} INFO - Searching for files in /opt/airflow/dags
[2024-11-29T15:16:55.735+0000] {manager.py:824} INFO - There are 2 files in /opt/airflow/dags
[2024-11-29T15:16:55.811+0000] {manager.py:997} INFO - 
================================================================================
DAG File Processing Stats

File Path                                PID  Runtime      # DAGs    # Errors  Last Runtime    Last Run      Last # of DB Queries
-------------------------------------  -----  ---------  --------  ----------  --------------  ----------  ----------------------
/opt/airflow/dags/test-jenkins-dag.py     53  0.03s             0           0                                                   0
/opt/airflow/dags/test-mlflow-dag.py      54  0.02s             0           0                                                   0
================================================================================
[2024-11-29T15:17:20.102+0000] {manager.py:465} INFO - Exiting gracefully upon receiving signal 15
